# JRE version: Java(TM) SE Runtime Environment (8.0_05-b13) (build 1.8.0_05-b13)
# Java VM: Java HotSpot(TM) 64-Bit Server VM (25.5-b02 mixed mode windows-amd64 compressed oops)
Heap:
 def new generation   total 88000K, used 68289K [0x00000000a2400000, 0x00000000a8370000, 0x00000000c1800000)
  eden space 78272K,  79% used [0x00000000a2400000, 0x00000000a610bb40, 0x00000000a7070000)
  from space 9728K,  59% used [0x00000000a7070000, 0x00000000a7614940, 0x00000000a79f0000)
  to   space 9728K,   0% used [0x00000000a79f0000, 0x00000000a79f0000, 0x00000000a8370000)
 tenured generation   total 195328K, used 40967K [0x00000000c1800000, 0x00000000cd6c0000, 0x0000000100000000)
   the space 195328K,  20% used [0x00000000c1800000, 0x00000000c4001e48, 0x00000000c4002000, 0x00000000cd6c0000)
 Metaspace       used 45968K, capacity 46842K, committed 46976K, reserved 1089536K
  class space    used 6533K, capacity 6705K, committed 6784K, reserved 1048576K
GC Heap History (10 events):
Event: 307.254 GC heap before
{Heap before GC invocations=159 (full 2):
 def new generation   total 88000K, used 84709K [0x00000000a2400000, 0x00000000a8370000, 0x00000000c1800000)
  eden space 78272K, 100% used [0x00000000a2400000, 0x00000000a7070000, 0x00000000a7070000)
  from space 9728K,  66% used [0x00000000a79f0000, 0x00000000a80395d0, 0x00000000a8370000)
  to   space 9728K,   0% used [0x00000000a7070000, 0x00000000a7070000, 0x00000000a79f0000)
 tenured generation   total 195328K, used 39939K [0x00000000c1800000, 0x00000000cd6c0000, 0x0000000100000000)
   the space 195328K,  20% used [0x00000000c1800000, 0x00000000c3f00de0, 0x00000000c3f00e00, 0x00000000cd6c0000)
 Metaspace       used 45406K, capacity 46324K, committed 46592K, reserved 1089536K
  class space    used 6487K, capacity 6640K, committed 6656K, reserved 1048576K
Event: 307.270 GC heap after
Heap after GC invocations=160 (full 2):
 def new generation   total 88000K, used 6433K [0x00000000a2400000, 0x00000000a8370000, 0x00000000c1800000)
  eden space 78272K,   0% used [0x00000000a2400000, 0x00000000a2400000, 0x00000000a7070000)
  from space 9728K,  66% used [0x00000000a7070000, 0x00000000a76b8748, 0x00000000a79f0000)
  to   space 9728K,   0% used [0x00000000a79f0000, 0x00000000a79f0000, 0x00000000a8370000)
 tenured generation   total 195328K, used 40150K [0x00000000c1800000, 0x00000000cd6c0000, 0x0000000100000000)
   the space 195328K,  20% used [0x00000000c1800000, 0x00000000c3f35950, 0x00000000c3f35a00, 0x00000000cd6c0000)
 Metaspace       used 45406K, capacity 46324K, committed 46592K, reserved 1089536K
  class space    used 6487K, capacity 6640K, committed 6656K, reserved 1048576K
}
Event: 307.732 GC heap before
{Heap before GC invocations=160 (full 2):
 def new generation   total 88000K, used 84705K [0x00000000a2400000, 0x00000000a8370000, 0x00000000c1800000)
  eden space 78272K, 100% used [0x00000000a2400000, 0x00000000a7070000, 0x00000000a7070000)
  from space 9728K,  66% used [0x00000000a7070000, 0x00000000a76b8748, 0x00000000a79f0000)
  to   space 9728K,   0% used [0x00000000a79f0000, 0x00000000a79f0000, 0x00000000a8370000)
 tenured generation   total 195328K, used 40150K [0x00000000c1800000, 0x00000000cd6c0000, 0x0000000100000000)
   the space 195328K,  20% used [0x00000000c1800000, 0x00000000c3f35950, 0x00000000c3f35a00, 0x00000000cd6c0000)
 Metaspace       used 45473K, capacity 46356K, committed 46720K, reserved 1089536K
  class space    used 6499K, capacity 6672K, committed 6784K, reserved 1048576K
Event: 307.752 GC heap after
Heap after GC invocations=161 (full 2):
 def new generation   total 88000K, used 6506K [0x00000000a2400000, 0x00000000a8370000, 0x00000000c1800000)
  eden space 78272K,   0% used [0x00000000a2400000, 0x00000000a2400000, 0x00000000a7070000)
  from space 9728K,  66% used [0x00000000a79f0000, 0x00000000a804ab78, 0x00000000a8370000)
  to   space 9728K,   0% used [0x00000000a7070000, 0x00000000a7070000, 0x00000000a79f0000)
 tenured generation   total 195328K, used 40354K [0x00000000c1800000, 0x00000000cd6c0000, 0x0000000100000000)
   the space 195328K,  20% used [0x00000000c1800000, 0x00000000c3f689f0, 0x00000000c3f68a00, 0x00000000cd6c0000)
 Metaspace       used 45473K, capacity 46356K, committed 46720K, reserved 1089536K
  class space    used 6499K, capacity 6672K, committed 6784K, reserved 1048576K
}
Event: 308.193 GC heap before
{Heap before GC invocations=161 (full 2):
 def new generation   total 88000K, used 84778K [0x00000000a2400000, 0x00000000a8370000, 0x00000000c1800000)
  eden space 78272K, 100% used [0x00000000a2400000, 0x00000000a7070000, 0x00000000a7070000)
  from space 9728K,  66% used [0x00000000a79f0000, 0x00000000a804ab78, 0x00000000a8370000)
  to   space 9728K,   0% used [0x00000000a7070000, 0x00000000a7070000, 0x00000000a79f0000)
 tenured generation   total 195328K, used 40354K [0x00000000c1800000, 0x00000000cd6c0000, 0x0000000100000000)
   the space 195328K,  20% used [0x00000000c1800000, 0x00000000c3f689f0, 0x00000000c3f68a00, 0x00000000cd6c0000)
 Metaspace       used 45488K, capacity 46356K, committed 46720K, reserved 1089536K
  class space    used 6504K, capacity 6672K, committed 6784K, reserved 1048576K
Event: 308.213 GC heap after
Heap after GC invocations=162 (full 2):
 def new generation   total 88000K, used 6356K [0x00000000a2400000, 0x00000000a8370000, 0x00000000c1800000)
  eden space 78272K,   0% used [0x00000000a2400000, 0x00000000a2400000, 0x00000000a7070000)
  from space 9728K,  65% used [0x00000000a7070000, 0x00000000a76a52a8, 0x00000000a79f0000)
  to   space 9728K,   0% used [0x00000000a79f0000, 0x00000000a79f0000, 0x00000000a8370000)
 tenured generation   total 195328K, used 40578K [0x00000000c1800000, 0x00000000cd6c0000, 0x0000000100000000)
   the space 195328K,  20% used [0x00000000c1800000, 0x00000000c3fa0828, 0x00000000c3fa0a00, 0x00000000cd6c0000)
 Metaspace       used 45488K, capacity 46356K, committed 46720K, reserved 1089536K
  class space    used 6504K, capacity 6672K, committed 6784K, reserved 1048576K
}
Event: 308.705 GC heap before
{Heap before GC invocations=162 (full 2):
 def new generation   total 88000K, used 84628K [0x00000000a2400000, 0x00000000a8370000, 0x00000000c1800000)
  eden space 78272K, 100% used [0x00000000a2400000, 0x00000000a7070000, 0x00000000a7070000)
  from space 9728K,  65% used [0x00000000a7070000, 0x00000000a76a52a8, 0x00000000a79f0000)
  to   space 9728K,   0% used [0x00000000a79f0000, 0x00000000a79f0000, 0x00000000a8370000)
 tenured generation   total 195328K, used 40578K [0x00000000c1800000, 0x00000000cd6c0000, 0x0000000100000000)
   the space 195328K,  20% used [0x00000000c1800000, 0x00000000c3fa0828, 0x00000000c3fa0a00, 0x00000000cd6c0000)
 Metaspace       used 45541K, capacity 46420K, committed 46720K, reserved 1089536K
  class space    used 6505K, capacity 6672K, committed 6784K, reserved 1048576K
Event: 308.719 GC heap after
Heap after GC invocations=163 (full 2):
 def new generation   total 88000K, used 5320K [0x00000000a2400000, 0x00000000a8370000, 0x00000000c1800000)
  eden space 78272K,   0% used [0x00000000a2400000, 0x00000000a2400000, 0x00000000a7070000)
  from space 9728K,  54% used [0x00000000a79f0000, 0x00000000a7f220d0, 0x00000000a8370000)
  to   space 9728K,   0% used [0x00000000a7070000, 0x00000000a7070000, 0x00000000a79f0000)
 tenured generation   total 195328K, used 40798K [0x00000000c1800000, 0x00000000cd6c0000, 0x0000000100000000)
   the space 195328K,  20% used [0x00000000c1800000, 0x00000000c3fd7820, 0x00000000c3fd7a00, 0x00000000cd6c0000)
 Metaspace       used 45541K, capacity 46420K, committed 46720K, reserved 1089536K
  class space    used 6505K, capacity 6672K, committed 6784K, reserved 1048576K
}
Event: 309.157 GC heap before
{Heap before GC invocations=163 (full 2):
 def new generation   total 88000K, used 83592K [0x00000000a2400000, 0x00000000a8370000, 0x00000000c1800000)
  eden space 78272K, 100% used [0x00000000a2400000, 0x00000000a7070000, 0x00000000a7070000)
  from space 9728K,  54% used [0x00000000a79f0000, 0x00000000a7f220d0, 0x00000000a8370000)
  to   space 9728K,   0% used [0x00000000a7070000, 0x00000000a7070000, 0x00000000a79f0000)
 tenured generation   total 195328K, used 40798K [0x00000000c1800000, 0x00000000cd6c0000, 0x0000000100000000)
   the space 195328K,  20% used [0x00000000c1800000, 0x00000000c3fd7820, 0x00000000c3fd7a00, 0x00000000cd6c0000)
 Metaspace       used 45551K, capacity 46420K, committed 46720K, reserved 1089536K
  class space    used 6505K, capacity 6672K, committed 6784K, reserved 1048576K
Event: 309.174 GC heap after
Heap after GC invocations=164 (full 2):
 def new generation   total 88000K, used 5778K [0x00000000a2400000, 0x00000000a8370000, 0x00000000c1800000)
  eden space 78272K,   0% used [0x00000000a2400000, 0x00000000a2400000, 0x00000000a7070000)
  from space 9728K,  59% used [0x00000000a7070000, 0x00000000a7614940, 0x00000000a79f0000)
  to   space 9728K,   0% used [0x00000000a79f0000, 0x00000000a79f0000, 0x00000000a8370000)
 tenured generation   total 195328K, used 40967K [0x00000000c1800000, 0x00000000cd6c0000, 0x0000000100000000)
   the space 195328K,  20% used [0x00000000c1800000, 0x00000000c4001e48, 0x00000000c4002000, 0x00000000cd6c0000)
 Metaspace       used 45551K, capacity 46420K, committed 46720K, reserved 1089536K
  class space    used 6505K, capacity 6672K, committed 6784K, reserved 1048576K
}

