# JRE version: Java(TM) SE Runtime Environment (8.0_05-b13) (build 1.8.0_05-b13)
# Java VM: Java HotSpot(TM) 64-Bit Server VM (25.5-b02 mixed mode windows-amd64 compressed oops)
Heap:
 def new generation   total 88000K, used 64507K [0x00000000a2400000, 0x00000000a8370000, 0x00000000c1800000)
  eden space 78272K,  77% used [0x00000000a2400000, 0x00000000a5eebc28, 0x00000000a7070000)
  from space 9728K,  42% used [0x00000000a7070000, 0x00000000a74830f8, 0x00000000a79f0000)
  to   space 9728K,   0% used [0x00000000a79f0000, 0x00000000a79f0000, 0x00000000a8370000)
 tenured generation   total 195328K, used 46235K [0x00000000c1800000, 0x00000000cd6c0000, 0x0000000100000000)
   the space 195328K,  23% used [0x00000000c1800000, 0x00000000c4526d70, 0x00000000c4526e00, 0x00000000cd6c0000)
 Metaspace       used 50806K, capacity 52070K, committed 52352K, reserved 1093632K
  class space    used 6977K, capacity 7207K, committed 7296K, reserved 1048576K
GC Heap History (10 events):
Event: 176.425 GC heap before
{Heap before GC invocations=173 (full 2):
 def new generation   total 88000K, used 83032K [0x00000000a2400000, 0x00000000a8370000, 0x00000000c1800000)
  eden space 78272K, 100% used [0x00000000a2400000, 0x00000000a7070000, 0x00000000a7070000)
  from space 9728K,  48% used [0x00000000a79f0000, 0x00000000a7e96138, 0x00000000a8370000)
  to   space 9728K,   0% used [0x00000000a7070000, 0x00000000a7070000, 0x00000000a79f0000)
 tenured generation   total 195328K, used 45216K [0x00000000c1800000, 0x00000000cd6c0000, 0x0000000100000000)
   the space 195328K,  23% used [0x00000000c1800000, 0x00000000c44280a0, 0x00000000c4428200, 0x00000000cd6c0000)
 Metaspace       used 49998K, capacity 51238K, committed 51456K, reserved 1093632K
  class space    used 6904K, capacity 7143K, committed 7168K, reserved 1048576K
Event: 176.440 GC heap after
Heap after GC invocations=174 (full 2):
 def new generation   total 88000K, used 4773K [0x00000000a2400000, 0x00000000a8370000, 0x00000000c1800000)
  eden space 78272K,   0% used [0x00000000a2400000, 0x00000000a2400000, 0x00000000a7070000)
  from space 9728K,  49% used [0x00000000a7070000, 0x00000000a75194e8, 0x00000000a79f0000)
  to   space 9728K,   0% used [0x00000000a79f0000, 0x00000000a79f0000, 0x00000000a8370000)
 tenured generation   total 195328K, used 45216K [0x00000000c1800000, 0x00000000cd6c0000, 0x0000000100000000)
   the space 195328K,  23% used [0x00000000c1800000, 0x00000000c44280a0, 0x00000000c4428200, 0x00000000cd6c0000)
 Metaspace       used 49998K, capacity 51238K, committed 51456K, reserved 1093632K
  class space    used 6904K, capacity 7143K, committed 7168K, reserved 1048576K
}
Event: 186.594 GC heap before
{Heap before GC invocations=174 (full 2):
 def new generation   total 88000K, used 83045K [0x00000000a2400000, 0x00000000a8370000, 0x00000000c1800000)
  eden space 78272K, 100% used [0x00000000a2400000, 0x00000000a7070000, 0x00000000a7070000)
  from space 9728K,  49% used [0x00000000a7070000, 0x00000000a75194e8, 0x00000000a79f0000)
  to   space 9728K,   0% used [0x00000000a79f0000, 0x00000000a79f0000, 0x00000000a8370000)
 tenured generation   total 195328K, used 45216K [0x00000000c1800000, 0x00000000cd6c0000, 0x0000000100000000)
   the space 195328K,  23% used [0x00000000c1800000, 0x00000000c44280a0, 0x00000000c4428200, 0x00000000cd6c0000)
 Metaspace       used 50075K, capacity 51398K, committed 51584K, reserved 1093632K
  class space    used 6911K, capacity 7175K, committed 7296K, reserved 1048576K
Event: 186.611 GC heap after
Heap after GC invocations=175 (full 2):
 def new generation   total 88000K, used 5201K [0x00000000a2400000, 0x00000000a8370000, 0x00000000c1800000)
  eden space 78272K,   0% used [0x00000000a2400000, 0x00000000a2400000, 0x00000000a7070000)
  from space 9728K,  53% used [0x00000000a79f0000, 0x00000000a7f04558, 0x00000000a8370000)
  to   space 9728K,   0% used [0x00000000a7070000, 0x00000000a7070000, 0x00000000a79f0000)
 tenured generation   total 195328K, used 45216K [0x00000000c1800000, 0x00000000cd6c0000, 0x0000000100000000)
   the space 195328K,  23% used [0x00000000c1800000, 0x00000000c44280a0, 0x00000000c4428200, 0x00000000cd6c0000)
 Metaspace       used 50075K, capacity 51398K, committed 51584K, reserved 1093632K
  class space    used 6911K, capacity 7175K, committed 7296K, reserved 1048576K
}
Event: 196.585 GC heap before
{Heap before GC invocations=175 (full 2):
 def new generation   total 88000K, used 83473K [0x00000000a2400000, 0x00000000a8370000, 0x00000000c1800000)
  eden space 78272K, 100% used [0x00000000a2400000, 0x00000000a7070000, 0x00000000a7070000)
  from space 9728K,  53% used [0x00000000a79f0000, 0x00000000a7f04558, 0x00000000a8370000)
  to   space 9728K,   0% used [0x00000000a7070000, 0x00000000a7070000, 0x00000000a79f0000)
 tenured generation   total 195328K, used 45216K [0x00000000c1800000, 0x00000000cd6c0000, 0x0000000100000000)
   the space 195328K,  23% used [0x00000000c1800000, 0x00000000c44280a0, 0x00000000c4428200, 0x00000000cd6c0000)
 Metaspace       used 50100K, capacity 51398K, committed 51584K, reserved 1093632K
  class space    used 6911K, capacity 7175K, committed 7296K, reserved 1048576K
Event: 196.602 GC heap after
Heap after GC invocations=176 (full 2):
 def new generation   total 88000K, used 4428K [0x00000000a2400000, 0x00000000a8370000, 0x00000000c1800000)
  eden space 78272K,   0% used [0x00000000a2400000, 0x00000000a2400000, 0x00000000a7070000)
  from space 9728K,  45% used [0x00000000a7070000, 0x00000000a74c32c0, 0x00000000a79f0000)
  to   space 9728K,   0% used [0x00000000a79f0000, 0x00000000a79f0000, 0x00000000a8370000)
 tenured generation   total 195328K, used 46235K [0x00000000c1800000, 0x00000000cd6c0000, 0x0000000100000000)
   the space 195328K,  23% used [0x00000000c1800000, 0x00000000c4526d70, 0x00000000c4526e00, 0x00000000cd6c0000)
 Metaspace       used 50100K, capacity 51398K, committed 51584K, reserved 1093632K
  class space    used 6911K, capacity 7175K, committed 7296K, reserved 1048576K
}
Event: 196.856 GC heap before
{Heap before GC invocations=176 (full 2):
 def new generation   total 88000K, used 82700K [0x00000000a2400000, 0x00000000a8370000, 0x00000000c1800000)
  eden space 78272K, 100% used [0x00000000a2400000, 0x00000000a7070000, 0x00000000a7070000)
  from space 9728K,  45% used [0x00000000a7070000, 0x00000000a74c32c0, 0x00000000a79f0000)
  to   space 9728K,   0% used [0x00000000a79f0000, 0x00000000a79f0000, 0x00000000a8370000)
 tenured generation   total 195328K, used 46235K [0x00000000c1800000, 0x00000000cd6c0000, 0x0000000100000000)
   the space 195328K,  23% used [0x00000000c1800000, 0x00000000c4526d70, 0x00000000c4526e00, 0x00000000cd6c0000)
 Metaspace       used 50199K, capacity 51462K, committed 51584K, reserved 1093632K
  class space    used 6923K, capacity 7175K, committed 7296K, reserved 1048576K
Event: 196.870 GC heap after
Heap after GC invocations=177 (full 2):
 def new generation   total 88000K, used 4114K [0x00000000a2400000, 0x00000000a8370000, 0x00000000c1800000)
  eden space 78272K,   0% used [0x00000000a2400000, 0x00000000a2400000, 0x00000000a7070000)
  from space 9728K,  42% used [0x00000000a79f0000, 0x00000000a7df4880, 0x00000000a8370000)
  to   space 9728K,   0% used [0x00000000a7070000, 0x00000000a7070000, 0x00000000a79f0000)
 tenured generation   total 195328K, used 46235K [0x00000000c1800000, 0x00000000cd6c0000, 0x0000000100000000)
   the space 195328K,  23% used [0x00000000c1800000, 0x00000000c4526d70, 0x00000000c4526e00, 0x00000000cd6c0000)
 Metaspace       used 50199K, capacity 51462K, committed 51584K, reserved 1093632K
  class space    used 6923K, capacity 7175K, committed 7296K, reserved 1048576K
}
Event: 202.568 GC heap before
{Heap before GC invocations=177 (full 2):
 def new generation   total 88000K, used 82386K [0x00000000a2400000, 0x00000000a8370000, 0x00000000c1800000)
  eden space 78272K, 100% used [0x00000000a2400000, 0x00000000a7070000, 0x00000000a7070000)
  from space 9728K,  42% used [0x00000000a79f0000, 0x00000000a7df4880, 0x00000000a8370000)
  to   space 9728K,   0% used [0x00000000a7070000, 0x00000000a7070000, 0x00000000a79f0000)
 tenured generation   total 195328K, used 46235K [0x00000000c1800000, 0x00000000cd6c0000, 0x0000000100000000)
   the space 195328K,  23% used [0x00000000c1800000, 0x00000000c4526d70, 0x00000000c4526e00, 0x00000000cd6c0000)
 Metaspace       used 50398K, capacity 51686K, committed 51840K, reserved 1093632K
  class space    used 6944K, capacity 7207K, committed 7296K, reserved 1048576K
Event: 202.583 GC heap after
Heap after GC invocations=178 (full 2):
 def new generation   total 88000K, used 4172K [0x00000000a2400000, 0x00000000a8370000, 0x00000000c1800000)
  eden space 78272K,   0% used [0x00000000a2400000, 0x00000000a2400000, 0x00000000a7070000)
  from space 9728K,  42% used [0x00000000a7070000, 0x00000000a74830f8, 0x00000000a79f0000)
  to   space 9728K,   0% used [0x00000000a79f0000, 0x00000000a79f0000, 0x00000000a8370000)
 tenured generation   total 195328K, used 46235K [0x00000000c1800000, 0x00000000cd6c0000, 0x0000000100000000)
   the space 195328K,  23% used [0x00000000c1800000, 0x00000000c4526d70, 0x00000000c4526e00, 0x00000000cd6c0000)
 Metaspace       used 50398K, capacity 51686K, committed 51840K, reserved 1093632K
  class space    used 6944K, capacity 7207K, committed 7296K, reserved 1048576K
}

